<?xml version="1.0" encoding="UTF-8" standalone="yes"?><!DOCTYPE report PUBLIC "-//JACOCO//DTD Report 1.1//EN" "report.dtd"><report name="Ejercicio2"><sessioninfo id="DESKTOP-2ATQ3LB-6112b123" start="1671718544653" dump="1671718544931"/><sessioninfo id="DESKTOP-2ATQ3LB-9d59ed37" start="1671718568877" dump="1671718569129"/><package name="ISO2_C05/Ejercicio2"><class name="ISO2_C05/Ejercicio2/FalloDatos" sourcefilename="FalloDatos.java"><method name="&lt;init&gt;" desc="(Ljava/lang/String;)V" line="7"><counter type="INSTRUCTION" missed="0" covered="4"/><counter type="LINE" missed="0" covered="2"/><counter type="COMPLEXITY" missed="0" covered="1"/><counter type="METHOD" missed="0" covered="1"/></method><counter type="INSTRUCTION" missed="0" covered="4"/><counter type="LINE" missed="0" covered="2"/><counter type="COMPLEXITY" missed="0" covered="1"/><counter type="METHOD" missed="0" covered="1"/><counter type="CLASS" missed="0" covered="1"/></class><class name="ISO2_C05/Ejercicio2/App" sourcefilename="App.java"><method name="&lt;init&gt;" desc="()V" line="7"><counter type="INSTRUCTION" missed="3" covered="0"/><counter type="LINE" missed="1" covered="0"/><counter type="COMPLEXITY" missed="1" covered="0"/><counter type="METHOD" missed="1" covered="0"/></method><method name="main" desc="([Ljava/lang/String;)V" line="11"><counter type="INSTRUCTION" missed="28" covered="0"/><counter type="LINE" missed="9" covered="0"/><counter type="COMPLEXITY" missed="1" covered="0"/><counter type="METHOD" missed="1" covered="0"/></method><counter type="INSTRUCTION" missed="31" covered="0"/><counter type="LINE" missed="10" covered="0"/><counter type="COMPLEXITY" missed="2" covered="0"/><counter type="METHOD" missed="2" covered="0"/><counter type="CLASS" missed="1" covered="0"/></class><class name="ISO2_C05/Ejercicio2/Triangulo" sourcefilename="Triangulo.java"><method name="&lt;init&gt;" desc="(DDDDDD)V" line="12"><counter type="INSTRUCTION" missed="0" covered="21"/><counter type="LINE" missed="0" covered="8"/><counter type="COMPLEXITY" missed="0" covered="1"/><counter type="METHOD" missed="0" covered="1"/></method><method name="getA" desc="()D" line="22"><counter type="INSTRUCTION" missed="0" covered="3"/><counter type="LINE" missed="0" covered="1"/><counter type="COMPLEXITY" missed="0" covered="1"/><counter type="METHOD" missed="0" covered="1"/></method><method name="setA" desc="(D)V" line="26"><counter type="INSTRUCTION" missed="4" covered="0"/><counter type="LINE" missed="2" covered="0"/><counter type="COMPLEXITY" missed="1" covered="0"/><counter type="METHOD" missed="1" covered="0"/></method><method name="getB" desc="()D" line="30"><counter type="INSTRUCTION" missed="0" covered="3"/><counter type="LINE" missed="0" covered="1"/><counter type="COMPLEXITY" missed="0" covered="1"/><counter type="METHOD" missed="0" covered="1"/></method><method name="setB" desc="(D)V" line="34"><counter type="INSTRUCTION" missed="4" covered="0"/><counter type="LINE" missed="2" covered="0"/><counter type="COMPLEXITY" missed="1" covered="0"/><counter type="METHOD" missed="1" covered="0"/></method><method name="getC" desc="()D" line="38"><counter type="INSTRUCTION" missed="0" covered="3"/><counter type="LINE" missed="0" covered="1"/><counter type="COMPLEXITY" missed="0" covered="1"/><counter type="METHOD" missed="0" covered="1"/></method><method name="setC" desc="(D)V" line="42"><counter type="INSTRUCTION" missed="4" covered="0"/><counter type="LINE" missed="2" covered="0"/><counter type="COMPLEXITY" missed="1" covered="0"/><counter type="METHOD" missed="1" covered="0"/></method><method name="getAlpha" desc="()D" line="46"><counter type="INSTRUCTION" missed="0" covered="3"/><counter type="LINE" missed="0" covered="1"/><counter type="COMPLEXITY" missed="0" covered="1"/><counter type="METHOD" missed="0" covered="1"/></method><method name="setAlpha" desc="(D)V" line="50"><counter type="INSTRUCTION" missed="4" covered="0"/><counter type="LINE" missed="2" covered="0"/><counter type="COMPLEXITY" missed="1" covered="0"/><counter type="METHOD" missed="1" covered="0"/></method><method name="getBeta" desc="()D" line="54"><counter type="INSTRUCTION" missed="0" covered="3"/><counter type="LINE" missed="0" covered="1"/><counter type="COMPLEXITY" missed="0" covered="1"/><counter type="METHOD" missed="0" covered="1"/></method><method name="setBeta" desc="(D)V" line="58"><counter type="INSTRUCTION" missed="4" covered="0"/><counter type="LINE" missed="2" covered="0"/><counter type="COMPLEXITY" missed="1" covered="0"/><counter type="METHOD" missed="1" covered="0"/></method><method name="getDelta" desc="()D" line="62"><counter type="INSTRUCTION" missed="0" covered="3"/><counter type="LINE" missed="0" covered="1"/><counter type="COMPLEXITY" missed="0" covered="1"/><counter type="METHOD" missed="0" covered="1"/></method><method name="setDelta" desc="(D)V" line="66"><counter type="INSTRUCTION" missed="4" covered="0"/><counter type="LINE" missed="2" covered="0"/><counter type="COMPLEXITY" missed="1" covered="0"/><counter type="METHOD" missed="1" covered="0"/></method><method name="getTipoLadosTriangulo" desc="(LISO2_C05/Ejercicio2/Triangulo;)Ljava/lang/String;" line="70"><counter type="INSTRUCTION" missed="0" covered="30"/><counter type="BRANCH" missed="1" covered="5"/><counter type="LINE" missed="0" covered="7"/><counter type="COMPLEXITY" missed="1" covered="3"/><counter type="METHOD" missed="0" covered="1"/></method><method name="getTipoAnguloTriangulo" desc="(LISO2_C05/Ejercicio2/Triangulo;)Ljava/lang/String;" line="86"><counter type="INSTRUCTION" missed="0" covered="40"/><counter type="BRANCH" missed="0" covered="6"/><counter type="LINE" missed="0" covered="10"/><counter type="COMPLEXITY" missed="0" covered="4"/><counter type="METHOD" missed="0" covered="1"/></method><method name="getTipoTriangulo" desc="(LISO2_C05/Ejercicio2/Triangulo;Z)Ljava/lang/String;" line="105"><counter type="INSTRUCTION" missed="0" covered="50"/><counter type="BRANCH" missed="5" covered="9"/><counter type="LINE" missed="0" covered="9"/><counter type="COMPLEXITY" missed="5" covered="3"/><counter type="METHOD" missed="0" covered="1"/></method><counter type="INSTRUCTION" missed="24" covered="159"/><counter type="BRANCH" missed="6" covered="20"/><counter type="LINE" missed="12" covered="40"/><counter type="COMPLEXITY" missed="12" covered="17"/><counter type="METHOD" missed="6" covered="10"/><counter type="CLASS" missed="0" covered="1"/></class><sourcefile name="Triangulo.java"><line nr="12" mi="0" ci="2" mb="0" cb="0"/><line nr="13" mi="0" ci="3" mb="0" cb="0"/><line nr="14" mi="0" ci="3" mb="0" cb="0"/><line nr="15" mi="0" ci="3" mb="0" cb="0"/><line nr="16" mi="0" ci="3" mb="0" cb="0"/><line nr="17" mi="0" ci="3" mb="0" cb="0"/><line nr="18" mi="0" ci="3" mb="0" cb="0"/><line nr="19" mi="0" ci="1" mb="0" cb="0"/><line nr="22" mi="0" ci="3" mb="0" cb="0"/><line nr="26" mi="3" ci="0" mb="0" cb="0"/><line nr="27" mi="1" ci="0" mb="0" cb="0"/><line nr="30" mi="0" ci="3" mb="0" cb="0"/><line nr="34" mi="3" ci="0" mb="0" cb="0"/><line nr="35" mi="1" ci="0" mb="0" cb="0"/><line nr="38" mi="0" ci="3" mb="0" cb="0"/><line nr="42" mi="3" ci="0" mb="0" cb="0"/><line nr="43" mi="1" ci="0" mb="0" cb="0"/><line nr="46" mi="0" ci="3" mb="0" cb="0"/><line nr="50" mi="3" ci="0" mb="0" cb="0"/><line nr="51" mi="1" ci="0" mb="0" cb="0"/><line nr="54" mi="0" ci="3" mb="0" cb="0"/><line nr="58" mi="3" ci="0" mb="0" cb="0"/><line nr="59" mi="1" ci="0" mb="0" cb="0"/><line nr="62" mi="0" ci="3" mb="0" cb="0"/><line nr="66" mi="3" ci="0" mb="0" cb="0"/><line nr="67" mi="1" ci="0" mb="0" cb="0"/><line nr="70" mi="0" ci="2" mb="0" cb="0"/><line nr="71" mi="0" ci="12" mb="1" cb="3"/><line nr="72" mi="0" ci="3" mb="0" cb="0"/><line nr="73" mi="0" ci="6" mb="0" cb="2"/><line nr="74" mi="0" ci="3" mb="0" cb="0"/><line nr="77" mi="0" ci="2" mb="0" cb="0"/><line nr="81" mi="0" ci="2" mb="0" cb="0"/><line nr="86" mi="0" ci="2" mb="0" cb="0"/><line nr="87" mi="0" ci="9" mb="0" cb="0"/><line nr="88" mi="0" ci="4" mb="0" cb="2"/><line nr="89" mi="0" ci="5" mb="0" cb="0"/><line nr="91" mi="0" ci="5" mb="0" cb="2"/><line nr="92" mi="0" ci="3" mb="0" cb="0"/><line nr="94" mi="0" ci="5" mb="0" cb="2"/><line nr="95" mi="0" ci="3" mb="0" cb="0"/><line nr="99" mi="0" ci="2" mb="0" cb="0"/><line nr="101" mi="0" ci="2" mb="0" cb="0"/><line nr="105" mi="0" ci="2" mb="0" cb="0"/><line nr="107" mi="0" ci="11" mb="1" cb="3"/><line nr="108" mi="0" ci="10" mb="2" cb="2"/><line nr="109" mi="0" ci="9" mb="2" cb="2"/><line nr="110" mi="0" ci="5" mb="0" cb="0"/><line nr="114" mi="0" ci="2" mb="0" cb="2"/><line nr="115" mi="0" ci="5" mb="0" cb="0"/><line nr="119" mi="0" ci="4" mb="0" cb="0"/><line nr="122" mi="0" ci="2" mb="0" cb="0"/><counter type="INSTRUCTION" missed="24" covered="159"/><counter type="BRANCH" missed="6" covered="20"/><counter type="LINE" missed="12" covered="40"/><counter type="COMPLEXITY" missed="12" covered="17"/><counter type="METHOD" missed="6" covered="10"/><counter type="CLASS" missed="0" covered="1"/></sourcefile><sourcefile name="App.java"><line nr="7" mi="3" ci="0" mb="0" cb="0"/><line nr="11" mi="10" ci="0" mb="0" cb="0"/><line nr="12" mi="2" ci="0" mb="0" cb="0"/><line nr="14" mi="5" ci="0" mb="0" cb="0"/><line nr="15" mi="1" ci="0" mb="0" cb="0"/><line nr="17" mi="2" ci="0" mb="0" cb="0"/><line nr="18" mi="1" ci="0" mb="0" cb="0"/><line nr="19" mi="3" ci="0" mb="0" cb="0"/><line nr="20" mi="3" ci="0" mb="0" cb="0"/><line nr="21" mi="1" ci="0" mb="0" cb="0"/><counter type="INSTRUCTION" missed="31" covered="0"/><counter type="LINE" missed="10" covered="0"/><counter type="COMPLEXITY" missed="2" covered="0"/><counter type="METHOD" missed="2" covered="0"/><counter type="CLASS" missed="1" covered="0"/></sourcefile><sourcefile name="FalloDatos.java"><line nr="7" mi="0" ci="3" mb="0" cb="0"/><line nr="8" mi="0" ci="1" mb="0" cb="0"/><counter type="INSTRUCTION" missed="0" covered="4"/><counter type="LINE" missed="0" covered="2"/><counter type="COMPLEXITY" missed="0" covered="1"/><counter type="METHOD" missed="0" covered="1"/><counter type="CLASS" missed="0" covered="1"/></sourcefile><counter type="INSTRUCTION" missed="55" covered="163"/><counter type="BRANCH" missed="6" covered="20"/><counter type="LINE" missed="22" covered="42"/><counter type="COMPLEXITY" missed="14" covered="18"/><counter type="METHOD" missed="8" covered="11"/><counter type="CLASS" missed="1" covered="2"/></package><counter type="INSTRUCTION" missed="55" covered="163"/><counter type="BRANCH" missed="6" covered="20"/><counter type="LINE" missed="22" covered="42"/><counter type="COMPLEXITY" missed="14" covered="18"/><counter type="METHOD" missed="8" covered="11"/><counter type="CLASS" missed="1" covered="2"/></report>